# JRE version: Java(TM) SE Runtime Environment (8.0_144-b01) (build 1.8.0_144-b01)
# Java VM: Java HotSpot(TM) 64-Bit Server VM (25.144-b01 mixed mode linux-amd64 compressed oops)
Heap:
 PSYoungGen      total 1082880K, used 0K [0x000000076ab00000, 0x00000007c0000000, 0x00000007c0000000)
  eden space 768000K, 0% used [0x000000076ab00000,0x000000076ab00000,0x0000000799900000)
  from space 314880K, 0% used [0x0000000799900000,0x0000000799900000,0x00000007acc80000)
  to   space 314880K, 0% used [0x00000007acc80000,0x00000007acc80000,0x00000007c0000000)
 ParOldGen       total 1544192K, used 995298K [0x00000006c0000000, 0x000000071e400000, 0x000000076ab00000)
  object space 1544192K, 64% used [0x00000006c0000000,0x00000006fcbf8a38,0x000000071e400000)
 Metaspace       used 49239K, capacity 49832K, committed 50096K, reserved 1091584K
  class space    used 7387K, capacity 7550K, committed 7600K, reserved 1048576K
GC Heap History (10 events):
Event: 83.703 GC heap after
Heap after GC invocations=9 (full 2):
 PSYoungGen      total 1055744K, used 165407K [0x000000076ab00000, 0x00000007c0000000, 0x00000007c0000000)
  eden space 713728K, 0% used [0x000000076ab00000,0x000000076ab00000,0x0000000796400000)
  from space 342016K, 48% used [0x0000000796400000,0x00000007a0587db0,0x00000007ab200000)
  to   space 318464K, 0% used [0x00000007ac900000,0x00000007ac900000,0x00000007c0000000)
 ParOldGen       total 1544192K, used 765485K [0x00000006c0000000, 0x000000071e400000, 0x000000076ab00000)
  object space 1544192K, 49% used [0x00000006c0000000,0x00000006eeb8b448,0x000000071e400000)
 Metaspace       used 48997K, capacity 49640K, committed 49840K, reserved 1091584K
  class space    used 7375K, capacity 7550K, committed 7600K, reserved 1048576K
}
Event: 89.692 GC heap before
{Heap before GC invocations=10 (full 2):
 PSYoungGen      total 1055744K, used 879135K [0x000000076ab00000, 0x00000007c0000000, 0x00000007c0000000)
  eden space 713728K, 100% used [0x000000076ab00000,0x0000000796400000,0x0000000796400000)
  from space 342016K, 48% used [0x0000000796400000,0x00000007a0587db0,0x00000007ab200000)
  to   space 318464K, 0% used [0x00000007ac900000,0x00000007ac900000,0x00000007c0000000)
 ParOldGen       total 1544192K, used 765485K [0x00000006c0000000, 0x000000071e400000, 0x000000076ab00000)
  object space 1544192K, 49% used [0x00000006c0000000,0x00000006eeb8b448,0x000000071e400000)
 Metaspace       used 49012K, capacity 49646K, committed 49840K, reserved 1091584K
  class space    used 7376K, capacity 7551K, committed 7600K, reserved 1048576K
Event: 90.185 GC heap after
Heap after GC invocations=10 (full 2):
 PSYoungGen      total 1016832K, used 107148K [0x000000076ab00000, 0x00000007bda00000, 0x00000007c0000000)
  eden space 737280K, 0% used [0x000000076ab00000,0x000000076ab00000,0x0000000797b00000)
  from space 279552K, 38% used [0x00000007ac900000,0x00000007b31a32e0,0x00000007bda00000)
  to   space 310784K, 0% used [0x0000000797b00000,0x0000000797b00000,0x00000007aaa80000)
 ParOldGen       total 1544192K, used 836145K [0x00000006c0000000, 0x000000071e400000, 0x000000076ab00000)
  object space 1544192K, 54% used [0x00000006c0000000,0x00000006f308c600,0x000000071e400000)
 Metaspace       used 49012K, capacity 49646K, committed 49840K, reserved 1091584K
  class space    used 7376K, capacity 7551K, committed 7600K, reserved 1048576K
}
Event: 93.031 GC heap before
{Heap before GC invocations=11 (full 2):
 PSYoungGen      total 1016832K, used 844428K [0x000000076ab00000, 0x00000007bda00000, 0x00000007c0000000)
  eden space 737280K, 100% used [0x000000076ab00000,0x0000000797b00000,0x0000000797b00000)
  from space 279552K, 38% used [0x00000007ac900000,0x00000007b31a32e0,0x00000007bda00000)
  to   space 310784K, 0% used [0x0000000797b00000,0x0000000797b00000,0x00000007aaa80000)
 ParOldGen       total 1544192K, used 836145K [0x00000006c0000000, 0x000000071e400000, 0x000000076ab00000)
  object space 1544192K, 54% used [0x00000006c0000000,0x00000006f308c600,0x000000071e400000)
 Metaspace       used 49020K, capacity 49646K, committed 49840K, reserved 1091584K
  class space    used 7376K, capacity 7551K, committed 7600K, reserved 1048576K
Event: 93.650 GC heap after
Heap after GC invocations=11 (full 2):
 PSYoungGen      total 1048064K, used 61720K [0x000000076ab00000, 0x00000007c0000000, 0x00000007c0000000)
  eden space 737280K, 0% used [0x000000076ab00000,0x000000076ab00000,0x0000000797b00000)
  from space 310784K, 19% used [0x0000000797b00000,0x000000079b7460e0,0x00000007aaa80000)
  to   space 311296K, 0% used [0x00000007ad000000,0x00000007ad000000,0x00000007c0000000)
 ParOldGen       total 1544192K, used 894985K [0x00000006c0000000, 0x000000071e400000, 0x000000076ab00000)
  object space 1544192K, 57% used [0x00000006c0000000,0x00000006f6a025e8,0x000000071e400000)
 Metaspace       used 49020K, capacity 49646K, committed 49840K, reserved 1091584K
  class space    used 7376K, capacity 7551K, committed 7600K, reserved 1048576K
}
Event: 96.251 GC heap before
{Heap before GC invocations=12 (full 2):
 PSYoungGen      total 1048064K, used 799000K [0x000000076ab00000, 0x00000007c0000000, 0x00000007c0000000)
  eden space 737280K, 100% used [0x000000076ab00000,0x0000000797b00000,0x0000000797b00000)
  from space 310784K, 19% used [0x0000000797b00000,0x000000079b7460e0,0x00000007aaa80000)
  to   space 311296K, 0% used [0x00000007ad000000,0x00000007ad000000,0x00000007c0000000)
 ParOldGen       total 1544192K, used 894985K [0x00000006c0000000, 0x000000071e400000, 0x000000076ab00000)
  object space 1544192K, 57% used [0x00000006c0000000,0x00000006f6a025e8,0x000000071e400000)
 Metaspace       used 49041K, capacity 49664K, committed 49840K, reserved 1091584K
  class space    used 7378K, capacity 7554K, committed 7600K, reserved 1048576K
Event: 96.405 GC heap after
Heap after GC invocations=12 (full 2):
 PSYoungGen      total 1079296K, used 27282K [0x000000076ab00000, 0x00000007c0000000, 0x00000007c0000000)
  eden space 768000K, 0% used [0x000000076ab00000,0x000000076ab00000,0x0000000799900000)
  from space 311296K, 8% used [0x00000007ad000000,0x00000007aeaa4940,0x00000007c0000000)
  to   space 314880K, 0% used [0x0000000799900000,0x0000000799900000,0x00000007acc80000)
 ParOldGen       total 1544192K, used 944215K [0x00000006c0000000, 0x000000071e400000, 0x000000076ab00000)
  object space 1544192K, 61% used [0x00000006c0000000,0x00000006f9a15dd8,0x000000071e400000)
 Metaspace       used 49041K, capacity 49664K, committed 49840K, reserved 1091584K
  class space    used 7378K, capacity 7554K, committed 7600K, reserved 1048576K
}
Event: 104.583 GC heap before
{Heap before GC invocations=13 (full 2):
 PSYoungGen      total 1079296K, used 795282K [0x000000076ab00000, 0x00000007c0000000, 0x00000007c0000000)
  eden space 768000K, 100% used [0x000000076ab00000,0x0000000799900000,0x0000000799900000)
  from space 311296K, 8% used [0x00000007ad000000,0x00000007aeaa4940,0x00000007c0000000)
  to   space 314880K, 0% used [0x0000000799900000,0x0000000799900000,0x00000007acc80000)
 ParOldGen       total 1544192K, used 944215K [0x00000006c0000000, 0x000000071e400000, 0x000000076ab00000)
  object space 1544192K, 61% used [0x00000006c0000000,0x00000006f9a15dd8,0x000000071e400000)
 Metaspace       used 49268K, capacity 49870K, committed 50096K, reserved 1091584K
  class space    used 7391K, capacity 7557K, committed 7600K, reserved 1048576K
Event: 107.764 GC heap after
Heap after GC invocations=13 (full 2):
 PSYoungGen      total 1082880K, used 314848K [0x000000076ab00000, 0x00000007c0000000, 0x00000007c0000000)
  eden space 768000K, 0% used [0x000000076ab00000,0x000000076ab00000,0x0000000799900000)
  from space 314880K, 99% used [0x0000000799900000,0x00000007acc78330,0x00000007acc80000)
  to   space 314880K, 0% used [0x00000007acc80000,0x00000007acc80000,0x00000007c0000000)
 ParOldGen       total 1544192K, used 1329866K [0x00000006c0000000, 0x000000071e400000, 0x000000076ab00000)
  object space 1544192K, 86% used [0x00000006c0000000,0x00000007112b2940,0x000000071e400000)
 Metaspace       used 49268K, capacity 49870K, committed 50096K, reserved 1091584K
  class space    used 7391K, capacity 7557K, committed 7600K, reserved 1048576K
}
Event: 107.798 GC heap before
{Heap before GC invocations=14 (full 3):
 PSYoungGen      total 1082880K, used 314848K [0x000000076ab00000, 0x00000007c0000000, 0x00000007c0000000)
  eden space 768000K, 0% used [0x000000076ab00000,0x000000076ab00000,0x0000000799900000)
  from space 314880K, 99% used [0x0000000799900000,0x00000007acc78330,0x00000007acc80000)
  to   space 314880K, 0% used [0x00000007acc80000,0x00000007acc80000,0x00000007c0000000)
 ParOldGen       total 1544192K, used 1329866K [0x00000006c0000000, 0x000000071e400000, 0x000000076ab00000)
  object space 1544192K, 86% used [0x00000006c0000000,0x00000007112b2940,0x000000071e400000)
 Metaspace       used 49268K, capacity 49870K, committed 50096K, reserved 1091584K
  class space    used 7391K, capacity 7557K, committed 7600K, reserved 1048576K

